[Zap] 2026/03/02 - 01:01:24  [34mINFO[0m  logger/logger.go:148  hello world
[Zap] 2026/03/02 - 01:07:38  [34mINFO[0m  logger/logger.go:148  hello world
[Zap] 2026/03/02 - 01:10:00  [34mINFO[0m  src/main.go:7  hello world
[Zap] 2026/03/02 - 01:10:20  [34mINFO[0m  src/main.go:7  hello world
[Zap] 2026/03/02 - 01:10:20  [34mINFO[0m  runtime/proc.go:290  qwq
[Zap] 2026/03/02 - 01:16:40  [34mINFO[0m  src/main.go:7  hello world
[Zap] 2026/03/02 - 01:17:14  [31mERROR[0m  config/config.go:17  can not load config: Config File "config.yaml" Not Found in "[/config / /home/swim/code/go_repo/StickerDownloader/src]"
[Zap] 2026/03/02 - 01:17:14  [34mINFO[0m  src/main.go:11  hello world
[Zap] 2026/03/02 - 01:17:45  [31mERROR[0m  config/config.go:17  can not load config: Config File "config.yaml" Not Found in "[/config / /home/swim/code/go_repo/StickerDownloader/src]"
[Zap] 2026/03/02 - 01:17:45  [34mINFO[0m  src/main.go:12  hello world
[Zap] 2026/03/02 - 01:17:51  [31mERROR[0m  config/config.go:17  can not load config: Config File "config.yaml" Not Found in "[/config / /home/swim/code/go_repo/StickerDownloader/src]"
[Zap] 2026/03/02 - 01:17:51  [34mINFO[0m  src/main.go:12  hello world
[Zap] 2026/03/02 - 01:18:09  [34mINFO[0m  config/config.go:19  config load successful: /home/swim/code/go_repo/StickerDownloader/src/config.yaml
[Zap] 2026/03/02 - 01:18:09  [35mDEBUG[0m  config/config.go:20  []
[Zap] 2026/03/02 - 01:18:09  [34mINFO[0m  src/main.go:12  hello world
[Zap] 2026/03/02 - 01:26:31  [34mINFO[0m  config/config.go:19  config load successful: /home/swim/code/go_repo/StickerDownloader/src/config.yaml
[Zap] 2026/03/02 - 01:26:31  [35mDEBUG[0m  config/config.go:20  []
[Zap] 2026/03/02 - 01:26:31  [34mINFO[0m  src/main.go:12  hello world
[Zap] 2026/03/02 - 01:26:41  [34mINFO[0m  config/config.go:19  config load successful: /home/swim/code/go_repo/StickerDownloader/src/config.yaml
[Zap] 2026/03/02 - 01:26:41  [35mDEBUG[0m  config/config.go:20  []
[Zap] 2026/03/02 - 01:26:41  [31mPANIC[0m  core/bot.go:14  fail to get bot token, please check config
[Zap] 2026/03/02 - 01:28:54  [34mINFO[0m  config/config.go:19  config load successful: /home/swim/code/go_repo/StickerDownloader/src/config.yaml
[Zap] 2026/03/02 - 01:28:54  [35mDEBUG[0m  config/config.go:20  [bot_token]
[Zap] 2026/03/02 - 01:29:28  [34mINFO[0m  config/config.go:19  config load successful: /home/swim/code/go_repo/StickerDownloader/src/config.yaml
[Zap] 2026/03/02 - 01:29:28  [35mDEBUG[0m  config/config.go:20  [bot_token]
[Zap] 2026/03/02 - 01:30:44  [34mINFO[0m  config/config.go:22  config load successful: /home/swim/code/go_repo/StickerDownloader/src/config.yaml
[Zap] 2026/03/02 - 01:30:44  [35mDEBUG[0m  config/config.go:23  [bot_token bot_login_max_retry]
[Zap] 2026/03/02 - 01:30:46  [34mINFO[0m  core/bot.go:25  success login bot, bot name: testbot
[Zap] 2026/03/02 - 01:30:46  [34mINFO[0m  src/main.go:13  hello world
[Zap] 2026/03/02 - 01:31:20  [34mINFO[0m  config/config.go:22  config load successful: /home/swim/code/go_repo/StickerDownloader/src/config.yaml
[Zap] 2026/03/02 - 01:31:20  [35mDEBUG[0m  config/config.go:23  [bot_token bot_login_max_retry]
[Zap] 2026/03/02 - 01:31:22  [34mINFO[0m  core/bot.go:25  success login, bot name: testbot
[Zap] 2026/03/02 - 01:31:22  [34mINFO[0m  src/main.go:13  hello world
[Zap] 2026/03/02 - 01:31:27  [34mINFO[0m  config/config.go:22  config load successful: /home/swim/code/go_repo/StickerDownloader/src/config.yaml
[Zap] 2026/03/02 - 01:31:27  [35mDEBUG[0m  config/config.go:23  [bot_token bot_login_max_retry]
[Zap] 2026/03/02 - 01:31:29  [33mWARN[0m  core/bot.go:19  fail to login, retrying, current retry count: 1
[Zap] 2026/03/02 - 01:32:44  [34mINFO[0m  config/config.go:22  config load successful: /home/swim/code/go_repo/StickerDownloader/src/config.yaml
[Zap] 2026/03/02 - 01:32:44  [35mDEBUG[0m  config/config.go:23  [bot_token bot_login_max_retry]
[Zap] 2026/03/02 - 01:32:46  [33mWARN[0m  core/bot.go:22  fail to login, retrying, current retry count: 1
[Zap] 2026/03/02 - 01:33:15  [34mINFO[0m  config/config.go:22  config load successful: /home/swim/code/go_repo/StickerDownloader/src/config.yaml
[Zap] 2026/03/02 - 01:33:15  [35mDEBUG[0m  config/config.go:23  [bot_token bot_login_max_retry]
[Zap] 2026/03/02 - 01:33:17  [33mWARN[0m  core/bot.go:22  fail to login, retrying, current retry count: 1
[Zap] 2026/03/02 - 01:33:17  [31mPANIC[0m  core/bot.go:18  fail to login bot, tried: 1
[Zap] 2026/03/02 - 01:33:57  [34mINFO[0m  config/config.go:22  config load successful: /home/swim/code/go_repo/StickerDownloader/src/config.yaml
[Zap] 2026/03/02 - 01:33:57  [35mDEBUG[0m  config/config.go:23  [bot_token bot_login_max_retry]
[Zap] 2026/03/02 - 01:33:59  [33mWARN[0m  core/bot.go:22  fail to login, retrying, current retry count: 1
[Zap] 2026/03/02 - 01:33:59  [31mPANIC[0m  core/bot.go:18  fail to login bot, tried: 1, please check network and bot token
[Zap] 2026/03/02 - 01:34:17  [34mINFO[0m  config/config.go:22  config load successful: /home/swim/code/go_repo/StickerDownloader/src/config.yaml
[Zap] 2026/03/02 - 01:34:17  [35mDEBUG[0m  config/config.go:23  [bot_token bot_login_max_retry]
[Zap] 2026/03/02 - 01:34:19  [33mWARN[0m  core/bot.go:22  fail to login, retrying, current retry count: 1
[Zap] 2026/03/02 - 01:34:19  [31mPANIC[0m  core/bot.go:18  fail to login bot, tried: 1 times, please check network and bot token
[Zap] 2026/03/02 - 01:34:49  [34mINFO[0m  config/config.go:22  config load successful: /home/swim/code/go_repo/StickerDownloader/src/config.yaml
[Zap] 2026/03/02 - 01:34:49  [35mDEBUG[0m  config/config.go:23  [bot_token bot_login_max_retry]
[Zap] 2026/03/02 - 01:34:52  [33mWARN[0m  core/bot.go:24  fail to login, retrying, current retry count: 1
[Zap] 2026/03/02 - 01:34:52  [33mWARN[0m  core/bot.go:24  fail to login, retrying, current retry count: 2
[Zap] 2026/03/02 - 01:34:53  [33mWARN[0m  core/bot.go:24  fail to login, retrying, current retry count: 3
[Zap] 2026/03/02 - 01:34:53  [31mPANIC[0m  core/bot.go:20  fail to login bot, tried: 3 times, please check network and bot token
[Zap] 2026/03/02 - 01:35:19  [34mINFO[0m  config/config.go:22  config load successful: /home/swim/code/go_repo/StickerDownloader/src/config.yaml
[Zap] 2026/03/02 - 01:35:19  [35mDEBUG[0m  config/config.go:23  [bot_token bot_login_max_retry]
[Zap] 2026/03/02 - 01:35:21  [33mWARN[0m  core/bot.go:24  fail to login: Unauthorized, retrying, current retry count: 1
[Zap] 2026/03/02 - 01:35:22  [33mWARN[0m  core/bot.go:24  fail to login: Unauthorized, retrying, current retry count: 2
[Zap] 2026/03/02 - 01:35:22  [33mWARN[0m  core/bot.go:24  fail to login: Unauthorized, retrying, current retry count: 3
[Zap] 2026/03/02 - 01:35:22  [31mPANIC[0m  core/bot.go:20  fail to login bot, tried: 3 times, please check network and bot token
